mode: count
github.com/mikecbrant/verified-permissions-authorizer/provider/cmd/pulumi-resource-verified-permissions-authorizer/main.go:12.13,14.19 2 0
github.com/mikecbrant/verified-permissions-authorizer/provider/cmd/pulumi-resource-verified-permissions-authorizer/main.go:14.19,17.6 2 0
github.com/mikecbrant/verified-permissions-authorizer/provider/cmd/pulumi-resource-verified-permissions-authorizer/main.go:18.5,18.113 1 0
github.com/mikecbrant/verified-permissions-authorizer/provider/cmd/pulumi-resource-verified-permissions-authorizer/main.go:18.113,21.6 2 0
github.com/mikecbrant/verified-permissions-authorizer/provider/pkg/provider/provider.go:33.40,37.2 1 0
github.com/mikecbrant/verified-permissions-authorizer/provider/pkg/provider/provider.go:102.65,105.2 2 0
github.com/mikecbrant/verified-permissions-authorizer/provider/pkg/provider/provider.go:113.39,116.94 3 7
github.com/mikecbrant/verified-permissions-authorizer/provider/pkg/provider/provider.go:116.94,118.6 1 0
github.com/mikecbrant/verified-permissions-authorizer/provider/pkg/provider/provider.go:121.5,121.35 1 7
github.com/mikecbrant/verified-permissions-authorizer/provider/pkg/provider/provider.go:121.35,124.6 2 7
github.com/mikecbrant/verified-permissions-authorizer/provider/pkg/provider/provider.go:126.5,126.27 1 7
github.com/mikecbrant/verified-permissions-authorizer/provider/pkg/provider/provider.go:126.27,128.6 1 7
github.com/mikecbrant/verified-permissions-authorizer/provider/pkg/provider/provider.go:131.5,136.32 2 7
github.com/mikecbrant/verified-permissions-authorizer/provider/pkg/provider/provider.go:136.32,138.6 1 0
github.com/mikecbrant/verified-permissions-authorizer/provider/pkg/provider/provider.go:140.5,143.29 4 7
github.com/mikecbrant/verified-permissions-authorizer/provider/pkg/provider/provider.go:143.29,145.6 1 0
github.com/mikecbrant/verified-permissions-authorizer/provider/pkg/provider/provider.go:146.5,147.19 2 7
github.com/mikecbrant/verified-permissions-authorizer/provider/pkg/provider/provider.go:147.19,149.6 1 0
github.com/mikecbrant/verified-permissions-authorizer/provider/pkg/provider/provider.go:153.5,187.29 3 7
github.com/mikecbrant/verified-permissions-authorizer/provider/pkg/provider/provider.go:187.29,190.6 2 0
github.com/mikecbrant/verified-permissions-authorizer/provider/pkg/provider/provider.go:193.5,194.70 2 7
github.com/mikecbrant/verified-permissions-authorizer/provider/pkg/provider/provider.go:194.70,196.6 1 0
github.com/mikecbrant/verified-permissions-authorizer/provider/pkg/provider/provider.go:197.5,197.21 1 7
github.com/mikecbrant/verified-permissions-authorizer/provider/pkg/provider/provider.go:197.21,200.6 2 0
github.com/mikecbrant/verified-permissions-authorizer/provider/pkg/provider/provider.go:202.5,203.19 2 7
github.com/mikecbrant/verified-permissions-authorizer/provider/pkg/provider/provider.go:203.19,205.6 1 0
github.com/mikecbrant/verified-permissions-authorizer/provider/pkg/provider/provider.go:208.5,224.19 2 7
github.com/mikecbrant/verified-permissions-authorizer/provider/pkg/provider/provider.go:224.19,226.6 1 0
github.com/mikecbrant/verified-permissions-authorizer/provider/pkg/provider/provider.go:229.5,232.32 1 7
github.com/mikecbrant/verified-permissions-authorizer/provider/pkg/provider/provider.go:232.32,234.6 1 0
github.com/mikecbrant/verified-permissions-authorizer/provider/pkg/provider/provider.go:237.5,249.19 3 7
github.com/mikecbrant/verified-permissions-authorizer/provider/pkg/provider/provider.go:249.19,251.6 1 0
github.com/mikecbrant/verified-permissions-authorizer/provider/pkg/provider/provider.go:252.5,255.32 1 7
github.com/mikecbrant/verified-permissions-authorizer/provider/pkg/provider/provider.go:255.32,257.6 1 0
github.com/mikecbrant/verified-permissions-authorizer/provider/pkg/provider/provider.go:262.5,294.32 2 7
github.com/mikecbrant/verified-permissions-authorizer/provider/pkg/provider/provider.go:294.32,296.6 1 0
github.com/mikecbrant/verified-permissions-authorizer/provider/pkg/provider/provider.go:299.5,304.27 2 7
github.com/mikecbrant/verified-permissions-authorizer/provider/pkg/provider/provider.go:304.27,306.6 1 7
github.com/mikecbrant/verified-permissions-authorizer/provider/pkg/provider/provider.go:307.5,308.38 2 7
github.com/mikecbrant/verified-permissions-authorizer/provider/pkg/provider/provider.go:308.38,310.6 1 0
github.com/mikecbrant/verified-permissions-authorizer/provider/pkg/provider/provider.go:311.5,312.47 2 7
github.com/mikecbrant/verified-permissions-authorizer/provider/pkg/provider/provider.go:312.47,314.6 1 0
github.com/mikecbrant/verified-permissions-authorizer/provider/pkg/provider/provider.go:315.5,316.50 2 7
github.com/mikecbrant/verified-permissions-authorizer/provider/pkg/provider/provider.go:316.50,318.6 1 0
github.com/mikecbrant/verified-permissions-authorizer/provider/pkg/provider/provider.go:320.5,320.26 1 7
github.com/mikecbrant/verified-permissions-authorizer/provider/pkg/provider/provider.go:320.26,322.6 1 0
github.com/mikecbrant/verified-permissions-authorizer/provider/pkg/provider/provider.go:324.5,339.15 2 7
github.com/mikecbrant/verified-permissions-authorizer/provider/pkg/provider/provider.go:339.15,342.6 1 0
github.com/mikecbrant/verified-permissions-authorizer/provider/pkg/provider/provider.go:343.5,344.19 2 7
github.com/mikecbrant/verified-permissions-authorizer/provider/pkg/provider/provider.go:344.19,346.6 1 0
github.com/mikecbrant/verified-permissions-authorizer/provider/pkg/provider/provider.go:349.5,349.15 1 7
github.com/mikecbrant/verified-permissions-authorizer/provider/pkg/provider/provider.go:349.15,352.77 1 0
github.com/mikecbrant/verified-permissions-authorizer/provider/pkg/provider/provider.go:352.77,355.48 2 0
github.com/mikecbrant/verified-permissions-authorizer/provider/pkg/provider/provider.go:355.48,357.14 1 0
github.com/mikecbrant/verified-permissions-authorizer/provider/pkg/provider/provider.go:358.13,358.37 1 0
github.com/mikecbrant/verified-permissions-authorizer/provider/pkg/provider/provider.go:361.9,366.23 2 0
github.com/mikecbrant/verified-permissions-authorizer/provider/pkg/provider/provider.go:366.23,368.10 1 0
github.com/mikecbrant/verified-permissions-authorizer/provider/pkg/provider/provider.go:369.9,373.36 1 0
github.com/mikecbrant/verified-permissions-authorizer/provider/pkg/provider/provider.go:373.36,375.10 1 0
github.com/mikecbrant/verified-permissions-authorizer/provider/pkg/provider/provider.go:379.5,380.63 1 7
github.com/mikecbrant/verified-permissions-authorizer/provider/pkg/provider/provider.go:380.63,380.92 1 7
github.com/mikecbrant/verified-permissions-authorizer/provider/pkg/provider/provider.go:382.32,384.6 1 0
github.com/mikecbrant/verified-permissions-authorizer/provider/pkg/provider/provider.go:387.5,397.28 7 7
github.com/mikecbrant/verified-permissions-authorizer/provider/pkg/provider/provider.go:397.28,399.23 2 6
github.com/mikecbrant/verified-permissions-authorizer/provider/pkg/provider/provider.go:399.23,401.10 1 4
github.com/mikecbrant/verified-permissions-authorizer/provider/pkg/provider/provider.go:402.9,407.41 2 2
github.com/mikecbrant/verified-permissions-authorizer/provider/pkg/provider/provider.go:410.5,410.21 1 3
github.com/mikecbrant/verified-permissions-authorizer/provider/pkg/provider/provider.go:414.87,415.15 1 1
github.com/mikecbrant/verified-permissions-authorizer/provider/pkg/provider/provider.go:415.15,417.6 1 0
github.com/mikecbrant/verified-permissions-authorizer/provider/pkg/provider/provider.go:418.5,418.16 1 1
github.com/mikecbrant/verified-permissions-authorizer/provider/pkg/provider/provider.go:446.36,453.57 1 6
github.com/mikecbrant/verified-permissions-authorizer/provider/pkg/provider/provider.go:453.57,454.31 1 6
github.com/mikecbrant/verified-permissions-authorizer/provider/pkg/provider/provider.go:454.31,456.14 1 0
github.com/mikecbrant/verified-permissions-authorizer/provider/pkg/provider/provider.go:457.13,457.30 1 6
github.com/mikecbrant/verified-permissions-authorizer/provider/pkg/provider/provider.go:461.5,462.26 2 6
github.com/mikecbrant/verified-permissions-authorizer/provider/pkg/provider/provider.go:462.26,464.6 1 6
github.com/mikecbrant/verified-permissions-authorizer/provider/pkg/provider/provider.go:465.5,466.31 2 6
github.com/mikecbrant/verified-permissions-authorizer/provider/pkg/provider/provider.go:466.31,467.18 1 6
github.com/mikecbrant/verified-permissions-authorizer/provider/pkg/provider/provider.go:468.22,469.68 1 6
github.com/mikecbrant/verified-permissions-authorizer/provider/pkg/provider/provider.go:470.22,471.75 1 0
github.com/mikecbrant/verified-permissions-authorizer/provider/pkg/provider/provider.go:472.34,473.81 1 0
github.com/mikecbrant/verified-permissions-authorizer/provider/pkg/provider/provider.go:476.5,476.28 1 6
github.com/mikecbrant/verified-permissions-authorizer/provider/pkg/provider/provider.go:476.28,478.6 1 6
github.com/mikecbrant/verified-permissions-authorizer/provider/pkg/provider/provider.go:481.5,488.29 2 6
github.com/mikecbrant/verified-permissions-authorizer/provider/pkg/provider/provider.go:488.29,491.23 2 5
github.com/mikecbrant/verified-permissions-authorizer/provider/pkg/provider/provider.go:491.23,493.10 1 0
github.com/mikecbrant/verified-permissions-authorizer/provider/pkg/provider/provider.go:494.9,497.23 3 5
github.com/mikecbrant/verified-permissions-authorizer/provider/pkg/provider/provider.go:497.23,499.10 1 0
github.com/mikecbrant/verified-permissions-authorizer/provider/pkg/provider/provider.go:500.9,504.23 3 5
github.com/mikecbrant/verified-permissions-authorizer/provider/pkg/provider/provider.go:504.23,506.10 1 4
github.com/mikecbrant/verified-permissions-authorizer/provider/pkg/provider/provider.go:507.9,509.33 3 1
github.com/mikecbrant/verified-permissions-authorizer/provider/pkg/provider/provider.go:509.33,511.10 1 0
github.com/mikecbrant/verified-permissions-authorizer/provider/pkg/provider/provider.go:512.9,512.97 1 1
github.com/mikecbrant/verified-permissions-authorizer/provider/pkg/provider/provider.go:512.97,514.10 1 1
github.com/mikecbrant/verified-permissions-authorizer/provider/pkg/provider/provider.go:514.15,516.10 1 0
github.com/mikecbrant/verified-permissions-authorizer/provider/pkg/provider/provider.go:519.9,527.83 3 1
github.com/mikecbrant/verified-permissions-authorizer/provider/pkg/provider/provider.go:527.83,529.10 1 1
github.com/mikecbrant/verified-permissions-authorizer/provider/pkg/provider/provider.go:530.9,530.91 1 1
github.com/mikecbrant/verified-permissions-authorizer/provider/pkg/provider/provider.go:530.91,532.10 1 1
github.com/mikecbrant/verified-permissions-authorizer/provider/pkg/provider/provider.go:533.9,533.45 1 1
github.com/mikecbrant/verified-permissions-authorizer/provider/pkg/provider/provider.go:536.5,537.19 2 2
github.com/mikecbrant/verified-permissions-authorizer/provider/pkg/provider/provider.go:537.19,539.6 1 0
github.com/mikecbrant/verified-permissions-authorizer/provider/pkg/provider/provider.go:542.5,542.29 1 2
github.com/mikecbrant/verified-permissions-authorizer/provider/pkg/provider/provider.go:542.29,544.72 1 1
github.com/mikecbrant/verified-permissions-authorizer/provider/pkg/provider/provider.go:544.72,547.59 3 1
github.com/mikecbrant/verified-permissions-authorizer/provider/pkg/provider/provider.go:547.59,549.14 1 0
github.com/mikecbrant/verified-permissions-authorizer/provider/pkg/provider/provider.go:550.13,554.32 2 1
github.com/mikecbrant/verified-permissions-authorizer/provider/pkg/provider/provider.go:554.32,556.14 1 1
github.com/mikecbrant/verified-permissions-authorizer/provider/pkg/provider/provider.go:557.13,573.27 3 1
github.com/mikecbrant/verified-permissions-authorizer/provider/pkg/provider/provider.go:573.27,575.14 1 0
github.com/mikecbrant/verified-permissions-authorizer/provider/pkg/provider/provider.go:576.13,576.34 1 1
github.com/mikecbrant/verified-permissions-authorizer/provider/pkg/provider/provider.go:580.9,581.23 2 1
github.com/mikecbrant/verified-permissions-authorizer/provider/pkg/provider/provider.go:581.23,583.10 1 0
github.com/mikecbrant/verified-permissions-authorizer/provider/pkg/provider/provider.go:584.9,588.98 1 1
github.com/mikecbrant/verified-permissions-authorizer/provider/pkg/provider/provider.go:588.98,590.10 1 0
github.com/mikecbrant/verified-permissions-authorizer/provider/pkg/provider/provider.go:594.5,596.36 3 2
github.com/mikecbrant/verified-permissions-authorizer/provider/pkg/provider/provider.go:596.36,604.23 2 2
github.com/mikecbrant/verified-permissions-authorizer/provider/pkg/provider/provider.go:604.23,606.10 1 0
github.com/mikecbrant/verified-permissions-authorizer/provider/pkg/provider/provider.go:607.9,607.46 1 2
github.com/mikecbrant/verified-permissions-authorizer/provider/pkg/provider/provider.go:611.5,620.19 2 2
github.com/mikecbrant/verified-permissions-authorizer/provider/pkg/provider/provider.go:620.19,622.6 1 0
github.com/mikecbrant/verified-permissions-authorizer/provider/pkg/provider/provider.go:625.5,631.20 2 2
github.com/mikecbrant/verified-permissions-authorizer/provider/pkg/provider/ses_helpers.go:21.47,22.12 1 4
github.com/mikecbrant/verified-permissions-authorizer/provider/pkg/provider/ses_helpers.go:23.43,24.24 1 0
github.com/mikecbrant/verified-permissions-authorizer/provider/pkg/provider/ses_helpers.go:25.47,26.28 1 0
github.com/mikecbrant/verified-permissions-authorizer/provider/pkg/provider/ses_helpers.go:27.13,28.21 1 4
github.com/mikecbrant/verified-permissions-authorizer/provider/pkg/provider/ses_helpers.go:34.137,37.17 2 5
github.com/mikecbrant/verified-permissions-authorizer/provider/pkg/provider/ses_helpers.go:37.17,39.6 1 1
github.com/mikecbrant/verified-permissions-authorizer/provider/pkg/provider/ses_helpers.go:40.5,47.81 6 4
github.com/mikecbrant/verified-permissions-authorizer/provider/pkg/provider/ses_helpers.go:47.81,49.6 1 0
github.com/mikecbrant/verified-permissions-authorizer/provider/pkg/provider/ses_helpers.go:50.5,53.40 2 4
github.com/mikecbrant/verified-permissions-authorizer/provider/pkg/provider/ses_helpers.go:53.40,55.51 1 1
github.com/mikecbrant/verified-permissions-authorizer/provider/pkg/provider/ses_helpers.go:55.51,57.10 1 1
github.com/mikecbrant/verified-permissions-authorizer/provider/pkg/provider/ses_helpers.go:58.11,62.28 3 3
github.com/mikecbrant/verified-permissions-authorizer/provider/pkg/provider/ses_helpers.go:62.28,64.10 1 0
github.com/mikecbrant/verified-permissions-authorizer/provider/pkg/provider/ses_helpers.go:65.9,66.67 2 3
github.com/mikecbrant/verified-permissions-authorizer/provider/pkg/provider/ses_helpers.go:66.67,68.10 1 1
github.com/mikecbrant/verified-permissions-authorizer/provider/pkg/provider/ses_helpers.go:72.5,72.59 1 2
github.com/mikecbrant/verified-permissions-authorizer/provider/pkg/provider/ses_helpers.go:72.59,73.136 1 1
github.com/mikecbrant/verified-permissions-authorizer/provider/pkg/provider/ses_helpers.go:73.136,75.10 1 0
github.com/mikecbrant/verified-permissions-authorizer/provider/pkg/provider/ses_helpers.go:80.5,91.50 2 2
github.com/mikecbrant/verified-permissions-authorizer/provider/pkg/provider/ses_helpers.go:91.50,92.45 1 1
github.com/mikecbrant/verified-permissions-authorizer/provider/pkg/provider/ses_helpers.go:92.45,94.10 1 1
github.com/mikecbrant/verified-permissions-authorizer/provider/pkg/provider/ses_helpers.go:95.9,95.54 1 0
github.com/mikecbrant/verified-permissions-authorizer/provider/pkg/provider/ses_helpers.go:99.5,109.50 2 1
github.com/mikecbrant/verified-permissions-authorizer/provider/pkg/provider/ses_helpers.go:109.50,110.36 1 0
github.com/mikecbrant/verified-permissions-authorizer/provider/pkg/provider/ses_helpers.go:110.36,112.10 1 0
github.com/mikecbrant/verified-permissions-authorizer/provider/pkg/provider/ses_helpers.go:113.9,113.54 1 0
github.com/mikecbrant/verified-permissions-authorizer/provider/pkg/provider/ses_helpers.go:117.5,118.41 2 1
github.com/mikecbrant/verified-permissions-authorizer/provider/pkg/provider/ses_helpers.go:118.41,119.52 1 0
github.com/mikecbrant/verified-permissions-authorizer/provider/pkg/provider/ses_helpers.go:119.52,121.10 1 0
github.com/mikecbrant/verified-permissions-authorizer/provider/pkg/provider/ses_helpers.go:124.5,124.81 1 1
github.com/mikecbrant/verified-permissions-authorizer/provider/pkg/provider/ses_helpers.go:124.81,126.6 1 0
github.com/mikecbrant/verified-permissions-authorizer/provider/pkg/provider/ses_helpers.go:128.5,128.50 1 1
